---------------------------------------------------------------
[ 2021-07-15T23:25:22+08:00 ] 127.0.0.1 GET 127.0.0.1:9008/PByGmRKgDe.php/financial/recharge/index?addtabs=1&search=&sort=charge_id&order=desc&offset=0&limit=10&filter=%7B%7D&op=%7B%7D&_=1626362678033
[运行时间：0.023010s] [吞吐率：43.46req/s] [内存消耗：875.33kb] [文件加载：146]
[ info ] [ BEHAVIOR ] Run Closure @app_init [ RunTime:0.000022s ]
[ info ] [ CACHE ] INIT File
[ info ] [ BEHAVIOR ] Run Closure @app_init [ RunTime:0.000474s ]
[ info ] [ LANG ] /media/luckywujl/data/www/admin/localhost_9008/wwwroot/thinkphp/lang/zh-cn.php
[ info ] [ BEHAVIOR ] Run app\common\behavior\Common @app_dispatch [ RunTime:0.000064s ]
[ info ] [ ROUTE ] array (
  'type' => 'module',
  'module' => 
  array (
    0 => 'admin',
    1 => 'financial.recharge',
    2 => 'index',
  ),
)
[ info ] [ HEADER ] array (
  'cookie' => 'PHPSESSID=1l6bae4ev2qvu62np2anc63ak0; think_var=zh-cn',
  'accept-language' => 'zh-CN,zh;q=0.9',
  'accept-encoding' => 'gzip, deflate, br',
  'sec-fetch-dest' => 'empty',
  'sec-fetch-mode' => 'cors',
  'sec-fetch-site' => 'same-origin',
  'content-type' => 'application/json',
  'user-agent' => 'Mozilla/5.0 (X11; Linux x86_64) AppleWebKit/537.36 (KHTML, like Gecko) Chrome/83.0.4103.115 Safari/537.36 Qaxbrowser',
  'x-requested-with' => 'XMLHttpRequest',
  'accept' => 'application/json, text/javascript, */*; q=0.01',
  'connection' => 'keep-alive',
  'host' => '127.0.0.1:9008',
  'content-length' => '',
)
[ info ] [ PARAM ] array (
  'addtabs' => '1',
  'search' => '',
  'sort' => 'charge_id',
  'order' => 'desc',
  'offset' => '0',
  'limit' => '10',
  'filter' => '{}',
  'op' => '{}',
  '_' => '1626362678033',
)
[ info ] [ LANG ] /media/luckywujl/data/www/admin/localhost_9008/wwwroot/public/../application/admin/lang/zh-cn.php
[ info ] [ BEHAVIOR ] Run app\common\behavior\Common @module_init [ RunTime:0.000167s ]
[ info ] [ SESSION ] INIT array (
  'id' => '',
  'var_session_id' => '',
  'prefix' => 'think',
  'type' => '',
  'auto_start' => true,
)
[ info ] [ DB ] INIT mysql
[ info ] [ BEHAVIOR ] Run \addons\geetest\Geetest @config_init [ RunTime:0.000083s ]
[ info ] [ LANG ] /media/luckywujl/data/www/admin/localhost_9008/wwwroot/public/../application/admin/lang/zh-cn/financial/recharge.php
[ info ] [ BEHAVIOR ] Run \addons\geetest\Geetest @action_begin [ RunTime:0.000023s ]
[ info ] [ RUN ] app\admin\controller\financial\Recharge->index[ /media/luckywujl/data/www/admin/localhost_9008/wwwroot/application/admin/controller/financial/Recharge.php ]
[ info ] [ BEHAVIOR ] Run app\admin\behavior\AdminLog @app_end [ RunTime:0.000057s ]
[ info ] [ LOG ] INIT File
---------------------------------------------------------------
[ 2021-07-15T23:26:46+08:00 ] 127.0.0.1 GET 127.0.0.1:9008/PByGmRKgDe.php/financial/recharge?ref=addtabs
[运行时间：0.014873s] [吞吐率：67.24req/s] [内存消耗：816.61kb] [文件加载：135]
[ info ] [ BEHAVIOR ] Run Closure @app_init [ RunTime:0.000023s ]
[ info ] [ CACHE ] INIT File
[ info ] [ BEHAVIOR ] Run Closure @app_init [ RunTime:0.000515s ]
[ info ] [ LANG ] /media/luckywujl/data/www/admin/localhost_9008/wwwroot/thinkphp/lang/zh-cn.php
[ info ] [ BEHAVIOR ] Run app\common\behavior\Common @app_dispatch [ RunTime:0.000074s ]
[ info ] [ ROUTE ] array (
  'type' => 'module',
  'module' => 
  array (
    0 => 'admin',
    1 => 'financial.recharge',
    2 => NULL,
  ),
)
[ info ] [ HEADER ] array (
  'cookie' => 'PHPSESSID=1l6bae4ev2qvu62np2anc63ak0; think_var=zh-cn',
  'accept-language' => 'zh-CN,zh;q=0.9',
  'accept-encoding' => 'gzip, deflate, br',
  'sec-fetch-dest' => 'document',
  'sec-fetch-user' => '?1',
  'sec-fetch-mode' => 'navigate',
  'sec-fetch-site' => 'same-origin',
  'accept' => 'text/html,application/xhtml+xml,application/xml;q=0.9,image/webp,image/apng,*/*;q=0.8,application/signed-exchange;v=b3;q=0.9',
  'user-agent' => 'Mozilla/5.0 (X11; Linux x86_64) AppleWebKit/537.36 (KHTML, like Gecko) Chrome/83.0.4103.115 Safari/537.36 Qaxbrowser',
  'upgrade-insecure-requests' => '1',
  'cache-control' => 'max-age=0',
  'connection' => 'keep-alive',
  'host' => '127.0.0.1:9008',
  'content-length' => '',
  'content-type' => '',
)
[ info ] [ PARAM ] array (
  'ref' => 'addtabs',
)
[ info ] [ LANG ] /media/luckywujl/data/www/admin/localhost_9008/wwwroot/public/../application/admin/lang/zh-cn.php
[ info ] [ BEHAVIOR ] Run app\common\behavior\Common @module_init [ RunTime:0.000149s ]
[ info ] [ SESSION ] INIT array (
  'id' => '',
  'var_session_id' => '',
  'prefix' => 'think',
  'type' => '',
  'auto_start' => true,
)
[ info ] [ DB ] INIT mysql
[ info ] [ BEHAVIOR ] Run app\admin\behavior\AdminLog @app_end [ RunTime:0.000054s ]
[ info ] [ LOG ] INIT File
---------------------------------------------------------------
[ 2021-07-15T23:26:47+08:00 ] 127.0.0.1 GET 127.0.0.1:9008/PByGmRKgDe.php/index/index
[运行时间：0.068685s] [吞吐率：14.56req/s] [内存消耗：828.13kb] [文件加载：151]
[ info ] [ BEHAVIOR ] Run Closure @app_init [ RunTime:0.000024s ]
[ info ] [ CACHE ] INIT File
[ info ] [ BEHAVIOR ] Run Closure @app_init [ RunTime:0.000433s ]
[ info ] [ LANG ] /media/luckywujl/data/www/admin/localhost_9008/wwwroot/thinkphp/lang/zh-cn.php
[ info ] [ BEHAVIOR ] Run app\common\behavior\Common @app_dispatch [ RunTime:0.000078s ]
[ info ] [ ROUTE ] array (
  'type' => 'module',
  'module' => 
  array (
    0 => 'admin',
    1 => 'index',
    2 => 'index',
  ),
)
[ info ] [ HEADER ] array (
  'cookie' => 'PHPSESSID=1l6bae4ev2qvu62np2anc63ak0; think_var=zh-cn',
  'accept-language' => 'zh-CN,zh;q=0.9',
  'accept-encoding' => 'gzip, deflate, br',
  'sec-fetch-dest' => 'document',
  'sec-fetch-user' => '?1',
  'sec-fetch-mode' => 'navigate',
  'sec-fetch-site' => 'same-origin',
  'accept' => 'text/html,application/xhtml+xml,application/xml;q=0.9,image/webp,image/apng,*/*;q=0.8,application/signed-exchange;v=b3;q=0.9',
  'user-agent' => 'Mozilla/5.0 (X11; Linux x86_64) AppleWebKit/537.36 (KHTML, like Gecko) Chrome/83.0.4103.115 Safari/537.36 Qaxbrowser',
  'upgrade-insecure-requests' => '1',
  'cache-control' => 'max-age=0',
  'connection' => 'keep-alive',
  'host' => '127.0.0.1:9008',
  'content-length' => '',
  'content-type' => '',
)
[ info ] [ PARAM ] array (
)
[ info ] [ LANG ] /media/luckywujl/data/www/admin/localhost_9008/wwwroot/public/../application/admin/lang/zh-cn.php
[ info ] [ BEHAVIOR ] Run app\common\behavior\Common @module_init [ RunTime:0.000110s ]
[ info ] [ SESSION ] INIT array (
  'id' => '',
  'var_session_id' => '',
  'prefix' => 'think',
  'type' => '',
  'auto_start' => true,
)
[ info ] [ BEHAVIOR ] Run \addons\geetest\Geetest @config_init [ RunTime:0.000099s ]
[ info ] [ LANG ] /media/luckywujl/data/www/admin/localhost_9008/wwwroot/public/../application/admin/lang/zh-cn/index.php
[ info ] [ BEHAVIOR ] Run \addons\geetest\Geetest @action_begin [ RunTime:0.000034s ]
[ info ] [ RUN ] app\admin\controller\Index->index[ /media/luckywujl/data/www/admin/localhost_9008/wwwroot/application/admin/controller/Index.php ]
[ info ] [ DB ] INIT mysql
[ info ] [ VIEW ] /media/luckywujl/data/www/admin/localhost_9008/wwwroot/public/../application/admin/view/index/index.html [ array (
  0 => 'breadcrumb',
  1 => 'site',
  2 => 'config',
  3 => 'auth',
  4 => 'admin',
  5 => 'menulist',
  6 => 'navlist',
  7 => 'fixedmenu',
  8 => 'referermenu',
  9 => 'title',
) ]
[ info ] [ BEHAVIOR ] Run app\admin\behavior\AdminLog @app_end [ RunTime:0.000041s ]
[ info ] [ LOG ] INIT File
---------------------------------------------------------------
[ 2021-07-15T23:26:47+08:00 ] 127.0.0.1 GET 127.0.0.1:9008/PByGmRKgDe.php/dashboard?addtabs=1
[运行时间：0.051412s] [吞吐率：19.45req/s] [内存消耗：775.07kb] [文件加载：143]
[ info ] [ BEHAVIOR ] Run Closure @app_init [ RunTime:0.000045s ]
[ info ] [ CACHE ] INIT File
[ info ] [ BEHAVIOR ] Run Closure @app_init [ RunTime:0.000562s ]
[ info ] [ LANG ] /media/luckywujl/data/www/admin/localhost_9008/wwwroot/thinkphp/lang/zh-cn.php
[ info ] [ BEHAVIOR ] Run app\common\behavior\Common @app_dispatch [ RunTime:0.000063s ]
[ info ] [ ROUTE ] array (
  'type' => 'module',
  'module' => 
  array (
    0 => 'admin',
    1 => 'dashboard',
    2 => NULL,
  ),
)
[ info ] [ HEADER ] array (
  'cookie' => 'PHPSESSID=1l6bae4ev2qvu62np2anc63ak0; think_var=zh-cn',
  'accept-language' => 'zh-CN,zh;q=0.9',
  'accept-encoding' => 'gzip, deflate, br',
  'sec-fetch-dest' => 'iframe',
  'sec-fetch-mode' => 'navigate',
  'sec-fetch-site' => 'same-origin',
  'accept' => 'text/html,application/xhtml+xml,application/xml;q=0.9,image/webp,image/apng,*/*;q=0.8,application/signed-exchange;v=b3;q=0.9',
  'user-agent' => 'Mozilla/5.0 (X11; Linux x86_64) AppleWebKit/537.36 (KHTML, like Gecko) Chrome/83.0.4103.115 Safari/537.36 Qaxbrowser',
  'upgrade-insecure-requests' => '1',
  'connection' => 'keep-alive',
  'host' => '127.0.0.1:9008',
  'content-length' => '',
  'content-type' => '',
)
[ info ] [ PARAM ] array (
  'addtabs' => '1',
)
[ info ] [ LANG ] /media/luckywujl/data/www/admin/localhost_9008/wwwroot/public/../application/admin/lang/zh-cn.php
[ info ] [ BEHAVIOR ] Run app\common\behavior\Common @module_init [ RunTime:0.000193s ]
[ info ] [ SESSION ] INIT array (
  'id' => '',
  'var_session_id' => '',
  'prefix' => 'think',
  'type' => '',
  'auto_start' => true,
)
[ info ] [ DB ] INIT mysql
[ info ] [ BEHAVIOR ] Run \addons\geetest\Geetest @config_init [ RunTime:0.000139s ]
[ info ] [ LANG ] /media/luckywujl/data/www/admin/localhost_9008/wwwroot/public/../application/admin/lang/zh-cn/dashboard.php
[ info ] [ BEHAVIOR ] Run \addons\geetest\Geetest @action_begin [ RunTime:0.000062s ]
[ info ] [ RUN ] app\admin\controller\Dashboard->index[ /media/luckywujl/data/www/admin/localhost_9008/wwwroot/application/admin/controller/Dashboard.php ]
[ info ] [ VIEW ] /media/luckywujl/data/www/admin/localhost_9008/wwwroot/public/../application/admin/view/dashboard/index.html [ array (
  0 => 'breadcrumb',
  1 => 'site',
  2 => 'config',
  3 => 'auth',
  4 => 'admin',
  5 => 'totaluser',
  6 => 'totalviews',
  7 => 'totalorder',
  8 => 'totalorderamount',
  9 => 'todayuserlogin',
  10 => 'todayusersignup',
  11 => 'todayorder',
  12 => 'unsettleorder',
  13 => 'sevendnu',
  14 => 'sevendau',
  15 => 'paylist',
  16 => 'createlist',
  17 => 'addonversion',
  18 => 'uploadmode',
) ]
[ info ] [ BEHAVIOR ] Run app\admin\behavior\AdminLog @app_end [ RunTime:0.000051s ]
[ info ] [ LOG ] INIT File
---------------------------------------------------------------
[ 2021-07-15T23:26:47+08:00 ] 127.0.0.1 GET 127.0.0.1:9008/PByGmRKgDe.php/financial/recharge?addtabs=1
[运行时间：0.060565s] [吞吐率：16.51req/s] [内存消耗：727.85kb] [文件加载：139]
[ info ] [ BEHAVIOR ] Run Closure @app_init [ RunTime:0.000021s ]
[ info ] [ CACHE ] INIT File
[ info ] [ BEHAVIOR ] Run Closure @app_init [ RunTime:0.000376s ]
[ info ] [ LANG ] /media/luckywujl/data/www/admin/localhost_9008/wwwroot/thinkphp/lang/zh-cn.php
[ info ] [ BEHAVIOR ] Run app\common\behavior\Common @app_dispatch [ RunTime:0.000044s ]
[ info ] [ ROUTE ] array (
  'type' => 'module',
  'module' => 
  array (
    0 => 'admin',
    1 => 'financial.recharge',
    2 => NULL,
  ),
)
[ info ] [ HEADER ] array (
  'cookie' => 'PHPSESSID=1l6bae4ev2qvu62np2anc63ak0; think_var=zh-cn',
  'accept-language' => 'zh-CN,zh;q=0.9',
  'accept-encoding' => 'gzip, deflate, br',
  'sec-fetch-dest' => 'iframe',
  'sec-fetch-mode' => 'navigate',
  'sec-fetch-site' => 'same-origin',
  'accept' => 'text/html,application/xhtml+xml,application/xml;q=0.9,image/webp,image/apng,*/*;q=0.8,application/signed-exchange;v=b3;q=0.9',
  'user-agent' => 'Mozilla/5.0 (X11; Linux x86_64) AppleWebKit/537.36 (KHTML, like Gecko) Chrome/83.0.4103.115 Safari/537.36 Qaxbrowser',
  'upgrade-insecure-requests' => '1',
  'connection' => 'keep-alive',
  'host' => '127.0.0.1:9008',
  'content-length' => '',
  'content-type' => '',
)
[ info ] [ PARAM ] array (
  'addtabs' => '1',
)
[ info ] [ LANG ] /media/luckywujl/data/www/admin/localhost_9008/wwwroot/public/../application/admin/lang/zh-cn.php
[ info ] [ BEHAVIOR ] Run app\common\behavior\Common @module_init [ RunTime:0.000117s ]
[ info ] [ SESSION ] INIT array (
  'id' => '',
  'var_session_id' => '',
  'prefix' => 'think',
  'type' => '',
  'auto_start' => true,
)
[ info ] [ DB ] INIT mysql
[ info ] [ BEHAVIOR ] Run \addons\geetest\Geetest @config_init [ RunTime:0.000118s ]
[ info ] [ LANG ] /media/luckywujl/data/www/admin/localhost_9008/wwwroot/public/../application/admin/lang/zh-cn/financial/recharge.php
[ info ] [ BEHAVIOR ] Run \addons\geetest\Geetest @action_begin [ RunTime:0.000054s ]
[ info ] [ RUN ] app\admin\controller\financial\Recharge->index[ /media/luckywujl/data/www/admin/localhost_9008/wwwroot/application/admin/controller/financial/Recharge.php ]
[ info ] [ VIEW ] /media/luckywujl/data/www/admin/localhost_9008/wwwroot/public/../application/admin/view/financial/recharge/index.html [ array (
  0 => 'breadcrumb',
  1 => 'site',
  2 => 'config',
  3 => 'auth',
  4 => 'admin',
  5 => 'chargeTypeList',
) ]
[ info ] [ BEHAVIOR ] Run app\admin\behavior\AdminLog @app_end [ RunTime:0.000043s ]
[ info ] [ LOG ] INIT File
---------------------------------------------------------------
[ 2021-07-15T23:26:47+08:00 ] 127.0.0.1 GET 127.0.0.1:9008/PByGmRKgDe.php/ajax/lang?callback=define&controllername=index&lang=zh-cn&v=1626362806&v=1626362806
[运行时间：0.003837s] [吞吐率：260.63req/s] [内存消耗：408.82kb] [文件加载：133]
[ info ] [ BEHAVIOR ] Run Closure @app_init [ RunTime:0.000023s ]
[ info ] [ CACHE ] INIT File
[ info ] [ BEHAVIOR ] Run Closure @app_init [ RunTime:0.000263s ]
[ info ] [ LANG ] /media/luckywujl/data/www/admin/localhost_9008/wwwroot/thinkphp/lang/zh-cn.php
[ info ] [ BEHAVIOR ] Run app\common\behavior\Common @app_dispatch [ RunTime:0.000028s ]
[ info ] [ ROUTE ] array (
  'type' => 'module',
  'module' => 
  array (
    0 => 'admin',
    1 => 'ajax',
    2 => 'lang',
  ),
)
[ info ] [ HEADER ] array (
  'cookie' => 'PHPSESSID=1l6bae4ev2qvu62np2anc63ak0; think_var=zh-cn',
  'accept-language' => 'zh-CN,zh;q=0.9',
  'accept-encoding' => 'gzip, deflate, br',
  'sec-fetch-dest' => 'script',
  'sec-fetch-mode' => 'no-cors',
  'sec-fetch-site' => 'same-origin',
  'accept' => '*/*',
  'user-agent' => 'Mozilla/5.0 (X11; Linux x86_64) AppleWebKit/537.36 (KHTML, like Gecko) Chrome/83.0.4103.115 Safari/537.36 Qaxbrowser',
  'connection' => 'keep-alive',
  'host' => '127.0.0.1:9008',
  'content-length' => '',
  'content-type' => '',
)
[ info ] [ PARAM ] array (
  'callback' => 'define',
  'controllername' => 'index',
  'lang' => 'zh-cn',
  'v' => '1626362806',
)
[ info ] [ LANG ] /media/luckywujl/data/www/admin/localhost_9008/wwwroot/public/../application/admin/lang/zh-cn.php
[ info ] [ BEHAVIOR ] Run app\common\behavior\Common @module_init [ RunTime:0.000127s ]
[ info ] [ SESSION ] INIT array (
  'id' => '',
  'var_session_id' => '',
  'prefix' => 'think',
  'type' => '',
  'auto_start' => true,
)
[ info ] [ BEHAVIOR ] Run \addons\geetest\Geetest @config_init [ RunTime:0.000103s ]
[ info ] [ LANG ] /media/luckywujl/data/www/admin/localhost_9008/wwwroot/public/../application/admin/lang/zh-cn/ajax.php
[ info ] [ BEHAVIOR ] Run \addons\geetest\Geetest @action_begin [ RunTime:0.000037s ]
[ info ] [ RUN ] app\admin\controller\Ajax->lang[ /media/luckywujl/data/www/admin/localhost_9008/wwwroot/application/admin/controller/Ajax.php ]
[ info ] [ LANG ] /media/luckywujl/data/www/admin/localhost_9008/wwwroot/public/../application/admin/lang/zh-cn/index.php
[ info ] [ BEHAVIOR ] Run app\admin\behavior\AdminLog @app_end [ RunTime:0.000031s ]
[ info ] [ LOG ] INIT File
---------------------------------------------------------------
[ 2021-07-15T23:26:47+08:00 ] 127.0.0.1 GET 127.0.0.1:9008/PByGmRKgDe.php/ajax/lang?callback=define&controllername=financial.recharge&lang=zh-cn&v=1626362807&v=1626362807
[运行时间：0.027112s] [吞吐率：36.88req/s] [内存消耗：407.98kb] [文件加载：133]
[ info ] [ BEHAVIOR ] Run Closure @app_init [ RunTime:0.000017s ]
[ info ] [ CACHE ] INIT File
[ info ] [ BEHAVIOR ] Run Closure @app_init [ RunTime:0.023558s ]
[ info ] [ LANG ] /media/luckywujl/data/www/admin/localhost_9008/wwwroot/thinkphp/lang/zh-cn.php
[ info ] [ BEHAVIOR ] Run app\common\behavior\Common @app_dispatch [ RunTime:0.000049s ]
[ info ] [ ROUTE ] array (
  'type' => 'module',
  'module' => 
  array (
    0 => 'admin',
    1 => 'ajax',
    2 => 'lang',
  ),
)
[ info ] [ HEADER ] array (
  'cookie' => 'PHPSESSID=1l6bae4ev2qvu62np2anc63ak0; think_var=zh-cn',
  'accept-language' => 'zh-CN,zh;q=0.9',
  'accept-encoding' => 'gzip, deflate, br',
  'sec-fetch-dest' => 'script',
  'sec-fetch-mode' => 'no-cors',
  'sec-fetch-site' => 'same-origin',
  'accept' => '*/*',
  'user-agent' => 'Mozilla/5.0 (X11; Linux x86_64) AppleWebKit/537.36 (KHTML, like Gecko) Chrome/83.0.4103.115 Safari/537.36 Qaxbrowser',
  'connection' => 'keep-alive',
  'host' => '127.0.0.1:9008',
  'content-length' => '',
  'content-type' => '',
)
[ info ] [ PARAM ] array (
  'callback' => 'define',
  'controllername' => 'financial.recharge',
  'lang' => 'zh-cn',
  'v' => '1626362807',
)
[ info ] [ LANG ] /media/luckywujl/data/www/admin/localhost_9008/wwwroot/public/../application/admin/lang/zh-cn.php
[ info ] [ BEHAVIOR ] Run app\common\behavior\Common @module_init [ RunTime:0.000200s ]
[ info ] [ SESSION ] INIT array (
  'id' => '',
  'var_session_id' => '',
  'prefix' => 'think',
  'type' => '',
  'auto_start' => true,
)
[ info ] [ BEHAVIOR ] Run \addons\geetest\Geetest @config_init [ RunTime:0.000082s ]
[ info ] [ LANG ] /media/luckywujl/data/www/admin/localhost_9008/wwwroot/public/../application/admin/lang/zh-cn/ajax.php
[ info ] [ BEHAVIOR ] Run \addons\geetest\Geetest @action_begin [ RunTime:0.000021s ]
[ info ] [ RUN ] app\admin\controller\Ajax->lang[ /media/luckywujl/data/www/admin/localhost_9008/wwwroot/application/admin/controller/Ajax.php ]
[ info ] [ LANG ] /media/luckywujl/data/www/admin/localhost_9008/wwwroot/public/../application/admin/lang/zh-cn/financial/recharge.php
[ info ] [ BEHAVIOR ] Run app\admin\behavior\AdminLog @app_end [ RunTime:0.000032s ]
[ info ] [ LOG ] INIT File
---------------------------------------------------------------
[ 2021-07-15T23:26:47+08:00 ] 127.0.0.1 GET 127.0.0.1:9008/PByGmRKgDe.php/ajax/lang?callback=define&controllername=dashboard&lang=zh-cn&v=1626362807&v=1626362807
[运行时间：0.036758s] [吞吐率：27.21req/s] [内存消耗：407.91kb] [文件加载：133]
[ info ] [ BEHAVIOR ] Run Closure @app_init [ RunTime:0.000024s ]
[ info ] [ CACHE ] INIT File
[ info ] [ BEHAVIOR ] Run Closure @app_init [ RunTime:0.031265s ]
[ info ] [ LANG ] /media/luckywujl/data/www/admin/localhost_9008/wwwroot/thinkphp/lang/zh-cn.php
[ info ] [ BEHAVIOR ] Run app\common\behavior\Common @app_dispatch [ RunTime:0.000048s ]
[ info ] [ ROUTE ] array (
  'type' => 'module',
  'module' => 
  array (
    0 => 'admin',
    1 => 'ajax',
    2 => 'lang',
  ),
)
[ info ] [ HEADER ] array (
  'cookie' => 'PHPSESSID=1l6bae4ev2qvu62np2anc63ak0; think_var=zh-cn',
  'accept-language' => 'zh-CN,zh;q=0.9',
  'accept-encoding' => 'gzip, deflate, br',
  'sec-fetch-dest' => 'script',
  'sec-fetch-mode' => 'no-cors',
  'sec-fetch-site' => 'same-origin',
  'accept' => '*/*',
  'user-agent' => 'Mozilla/5.0 (X11; Linux x86_64) AppleWebKit/537.36 (KHTML, like Gecko) Chrome/83.0.4103.115 Safari/537.36 Qaxbrowser',
  'connection' => 'keep-alive',
  'host' => '127.0.0.1:9008',
  'content-length' => '',
  'content-type' => '',
)
[ info ] [ PARAM ] array (
  'callback' => 'define',
  'controllername' => 'dashboard',
  'lang' => 'zh-cn',
  'v' => '1626362807',
)
[ info ] [ LANG ] /media/luckywujl/data/www/admin/localhost_9008/wwwroot/public/../application/admin/lang/zh-cn.php
[ info ] [ BEHAVIOR ] Run app\common\behavior\Common @module_init [ RunTime:0.000193s ]
[ info ] [ SESSION ] INIT array (
  'id' => '',
  'var_session_id' => '',
  'prefix' => 'think',
  'type' => '',
  'auto_start' => true,
)
[ info ] [ BEHAVIOR ] Run \addons\geetest\Geetest @config_init [ RunTime:0.000124s ]
[ info ] [ LANG ] /media/luckywujl/data/www/admin/localhost_9008/wwwroot/public/../application/admin/lang/zh-cn/ajax.php
[ info ] [ BEHAVIOR ] Run \addons\geetest\Geetest @action_begin [ RunTime:0.000038s ]
[ info ] [ RUN ] app\admin\controller\Ajax->lang[ /media/luckywujl/data/www/admin/localhost_9008/wwwroot/application/admin/controller/Ajax.php ]
[ info ] [ LANG ] /media/luckywujl/data/www/admin/localhost_9008/wwwroot/public/../application/admin/lang/zh-cn/dashboard.php
[ info ] [ BEHAVIOR ] Run app\admin\behavior\AdminLog @app_end [ RunTime:0.000037s ]
[ info ] [ LOG ] INIT File
---------------------------------------------------------------
[ 2021-07-15T23:26:48+08:00 ] 127.0.0.1 GET 127.0.0.1:9008/PByGmRKgDe.php/financial/recharge/index?addtabs=1&sort=charge_id&order=desc&offset=0&limit=10&filter=%7B%7D&op=%7B%7D&_=1626362807576
[运行时间：0.024726s] [吞吐率：40.44req/s] [内存消耗：875.08kb] [文件加载：146]
[ info ] [ BEHAVIOR ] Run Closure @app_init [ RunTime:0.000022s ]
[ info ] [ CACHE ] INIT File
[ info ] [ BEHAVIOR ] Run Closure @app_init [ RunTime:0.000406s ]
[ info ] [ LANG ] /media/luckywujl/data/www/admin/localhost_9008/wwwroot/thinkphp/lang/zh-cn.php
[ info ] [ BEHAVIOR ] Run app\common\behavior\Common @app_dispatch [ RunTime:0.000050s ]
[ info ] [ ROUTE ] array (
  'type' => 'module',
  'module' => 
  array (
    0 => 'admin',
    1 => 'financial.recharge',
    2 => 'index',
  ),
)
[ info ] [ HEADER ] array (
  'cookie' => 'PHPSESSID=1l6bae4ev2qvu62np2anc63ak0; think_var=zh-cn',
  'accept-language' => 'zh-CN,zh;q=0.9',
  'accept-encoding' => 'gzip, deflate, br',
  'sec-fetch-dest' => 'empty',
  'sec-fetch-mode' => 'cors',
  'sec-fetch-site' => 'same-origin',
  'content-type' => 'application/json',
  'user-agent' => 'Mozilla/5.0 (X11; Linux x86_64) AppleWebKit/537.36 (KHTML, like Gecko) Chrome/83.0.4103.115 Safari/537.36 Qaxbrowser',
  'x-requested-with' => 'XMLHttpRequest',
  'accept' => 'application/json, text/javascript, */*; q=0.01',
  'connection' => 'keep-alive',
  'host' => '127.0.0.1:9008',
  'content-length' => '',
)
[ info ] [ PARAM ] array (
  'addtabs' => '1',
  'sort' => 'charge_id',
  'order' => 'desc',
  'offset' => '0',
  'limit' => '10',
  'filter' => '{}',
  'op' => '{}',
  '_' => '1626362807576',
)
[ info ] [ LANG ] /media/luckywujl/data/www/admin/localhost_9008/wwwroot/public/../application/admin/lang/zh-cn.php
[ info ] [ BEHAVIOR ] Run app\common\behavior\Common @module_init [ RunTime:0.000124s ]
[ info ] [ SESSION ] INIT array (
  'id' => '',
  'var_session_id' => '',
  'prefix' => 'think',
  'type' => '',
  'auto_start' => true,
)
[ info ] [ DB ] INIT mysql
[ info ] [ BEHAVIOR ] Run \addons\geetest\Geetest @config_init [ RunTime:0.000085s ]
[ info ] [ LANG ] /media/luckywujl/data/www/admin/localhost_9008/wwwroot/public/../application/admin/lang/zh-cn/financial/recharge.php
[ info ] [ BEHAVIOR ] Run \addons\geetest\Geetest @action_begin [ RunTime:0.000027s ]
[ info ] [ RUN ] app\admin\controller\financial\Recharge->index[ /media/luckywujl/data/www/admin/localhost_9008/wwwroot/application/admin/controller/financial/Recharge.php ]
[ info ] [ BEHAVIOR ] Run app\admin\behavior\AdminLog @app_end [ RunTime:0.000030s ]
[ info ] [ LOG ] INIT File
---------------------------------------------------------------
[ 2021-07-15T23:26:53+08:00 ] 127.0.0.1 POST 127.0.0.1:9008/PByGmRKgDe.php/custom/card/getcardinfo
[运行时间：0.140448s] [吞吐率：7.12req/s] [内存消耗：735.36kb] [文件加载：142]
[ info ] [ BEHAVIOR ] Run Closure @app_init [ RunTime:0.000019s ]
[ info ] [ CACHE ] INIT File
[ info ] [ BEHAVIOR ] Run Closure @app_init [ RunTime:0.000441s ]
[ info ] [ LANG ] /media/luckywujl/data/www/admin/localhost_9008/wwwroot/thinkphp/lang/zh-cn.php
[ info ] [ BEHAVIOR ] Run app\common\behavior\Common @app_dispatch [ RunTime:0.000061s ]
[ info ] [ ROUTE ] array (
  'type' => 'module',
  'module' => 
  array (
    0 => 'admin',
    1 => 'custom.card',
    2 => 'getcardinfo',
  ),
)
[ info ] [ HEADER ] array (
  'cookie' => 'PHPSESSID=1l6bae4ev2qvu62np2anc63ak0; think_var=zh-cn',
  'accept-language' => 'zh-CN,zh;q=0.9',
  'accept-encoding' => 'gzip, deflate, br',
  'sec-fetch-dest' => 'empty',
  'sec-fetch-mode' => 'cors',
  'sec-fetch-site' => 'same-origin',
  'origin' => 'http://127.0.0.1:9008',
  'content-type' => 'application/x-www-form-urlencoded; charset=UTF-8',
  'user-agent' => 'Mozilla/5.0 (X11; Linux x86_64) AppleWebKit/537.36 (KHTML, like Gecko) Chrome/83.0.4103.115 Safari/537.36 Qaxbrowser',
  'x-requested-with' => 'XMLHttpRequest',
  'accept' => 'application/json, text/javascript, */*; q=0.01',
  'content-length' => '16',
  'connection' => 'keep-alive',
  'host' => '127.0.0.1:9008',
)
[ info ] [ PARAM ] array (
  'card_info' => '800001',
)
[ info ] [ LANG ] /media/luckywujl/data/www/admin/localhost_9008/wwwroot/public/../application/admin/lang/zh-cn.php
[ info ] [ BEHAVIOR ] Run app\common\behavior\Common @module_init [ RunTime:0.000150s ]
[ info ] [ SESSION ] INIT array (
  'id' => '',
  'var_session_id' => '',
  'prefix' => 'think',
  'type' => '',
  'auto_start' => true,
)
[ info ] [ BEHAVIOR ] Run \addons\geetest\Geetest @config_init [ RunTime:0.000111s ]
[ info ] [ LANG ] /media/luckywujl/data/www/admin/localhost_9008/wwwroot/public/../application/admin/lang/zh-cn/custom/card.php
[ info ] [ DB ] INIT mysql
[ info ] [ BEHAVIOR ] Run \addons\geetest\Geetest @action_begin [ RunTime:0.000033s ]
[ info ] [ RUN ] app\admin\controller\custom\Card->getcardinfo[ /media/luckywujl/data/www/admin/localhost_9008/wwwroot/application/admin/controller/custom/Card.php ]
[ info ] [ BEHAVIOR ] Run app\admin\behavior\AdminLog @app_end [ RunTime:0.127080s ]
[ info ] [ LOG ] INIT File
---------------------------------------------------------------
[ 2021-07-15T23:26:53+08:00 ] 127.0.0.1 POST 127.0.0.1:9008/PByGmRKgDe.php/custom/custom/index
[运行时间：0.012741s] [吞吐率：78.49req/s] [内存消耗：618.42kb] [文件加载：140]
[ info ] [ BEHAVIOR ] Run Closure @app_init [ RunTime:0.000019s ]
[ info ] [ CACHE ] INIT File
[ info ] [ BEHAVIOR ] Run Closure @app_init [ RunTime:0.000354s ]
[ info ] [ LANG ] /media/luckywujl/data/www/admin/localhost_9008/wwwroot/thinkphp/lang/zh-cn.php
[ info ] [ BEHAVIOR ] Run app\common\behavior\Common @app_dispatch [ RunTime:0.000035s ]
[ info ] [ ROUTE ] array (
  'type' => 'module',
  'module' => 
  array (
    0 => 'admin',
    1 => 'custom.custom',
    2 => 'index',
  ),
)
[ info ] [ HEADER ] array (
  'cookie' => 'PHPSESSID=1l6bae4ev2qvu62np2anc63ak0; think_var=zh-cn',
  'accept-language' => 'zh-CN,zh;q=0.9',
  'accept-encoding' => 'gzip, deflate, br',
  'sec-fetch-dest' => 'empty',
  'sec-fetch-mode' => 'cors',
  'sec-fetch-site' => 'same-origin',
  'origin' => 'http://127.0.0.1:9008',
  'content-type' => 'application/x-www-form-urlencoded; charset=UTF-8',
  'user-agent' => 'Mozilla/5.0 (X11; Linux x86_64) AppleWebKit/537.36 (KHTML, like Gecko) Chrome/83.0.4103.115 Safari/537.36 Qaxbrowser',
  'x-requested-with' => 'XMLHttpRequest',
  'accept' => 'application/json, text/javascript, */*; q=0.01',
  'content-length' => '189',
  'connection' => 'keep-alive',
  'host' => '127.0.0.1:9008',
)
[ info ] [ PARAM ] array (
  'searchTable' => 'tbl',
  'searchKey' => 'custom_id',
  'searchValue' => '1',
  'orderBy' => 
  array (
    0 => 
    array (
      0 => 'custom_name',
      1 => 'ASC',
    ),
  ),
  'showField' => 'custom_name',
  'keyField' => 'custom_id',
  'keyValue' => '1',
  'searchField' => 
  array (
    0 => 'custom_name',
  ),
)
[ info ] [ LANG ] /media/luckywujl/data/www/admin/localhost_9008/wwwroot/public/../application/admin/lang/zh-cn.php
[ info ] [ BEHAVIOR ] Run app\common\behavior\Common @module_init [ RunTime:0.000103s ]
[ info ] [ SESSION ] INIT array (
  'id' => '',
  'var_session_id' => '',
  'prefix' => 'think',
  'type' => '',
  'auto_start' => true,
)
[ info ] [ BEHAVIOR ] Run \addons\geetest\Geetest @config_init [ RunTime:0.000126s ]
[ info ] [ LANG ] /media/luckywujl/data/www/admin/localhost_9008/wwwroot/public/../application/admin/lang/zh-cn/custom/custom.php
[ info ] [ DB ] INIT mysql
[ info ] [ BEHAVIOR ] Run \addons\geetest\Geetest @action_begin [ RunTime:0.000051s ]
[ info ] [ RUN ] app\common\controller\Backend->index[ /media/luckywujl/data/www/admin/localhost_9008/wwwroot/application/admin/library/traits/Backend.php ]
[ info ] [ BEHAVIOR ] Run app\admin\behavior\AdminLog @app_end [ RunTime:0.000098s ]
[ info ] [ LOG ] INIT File
---------------------------------------------------------------
[ 2021-07-15T23:26:58+08:00 ] 127.0.0.1 POST 127.0.0.1:9008/PByGmRKgDe.php/custom/card/getcardinfo
[运行时间：0.173494s] [吞吐率：5.76req/s] [内存消耗：735.36kb] [文件加载：142]
[ info ] [ BEHAVIOR ] Run Closure @app_init [ RunTime:0.000028s ]
[ info ] [ CACHE ] INIT File
[ info ] [ BEHAVIOR ] Run Closure @app_init [ RunTime:0.000346s ]
[ info ] [ LANG ] /media/luckywujl/data/www/admin/localhost_9008/wwwroot/thinkphp/lang/zh-cn.php
[ info ] [ BEHAVIOR ] Run app\common\behavior\Common @app_dispatch [ RunTime:0.000041s ]
[ info ] [ ROUTE ] array (
  'type' => 'module',
  'module' => 
  array (
    0 => 'admin',
    1 => 'custom.card',
    2 => 'getcardinfo',
  ),
)
[ info ] [ HEADER ] array (
  'cookie' => 'PHPSESSID=1l6bae4ev2qvu62np2anc63ak0; think_var=zh-cn',
  'accept-language' => 'zh-CN,zh;q=0.9',
  'accept-encoding' => 'gzip, deflate, br',
  'sec-fetch-dest' => 'empty',
  'sec-fetch-mode' => 'cors',
  'sec-fetch-site' => 'same-origin',
  'origin' => 'http://127.0.0.1:9008',
  'content-type' => 'application/x-www-form-urlencoded; charset=UTF-8',
  'user-agent' => 'Mozilla/5.0 (X11; Linux x86_64) AppleWebKit/537.36 (KHTML, like Gecko) Chrome/83.0.4103.115 Safari/537.36 Qaxbrowser',
  'x-requested-with' => 'XMLHttpRequest',
  'accept' => 'application/json, text/javascript, */*; q=0.01',
  'content-length' => '16',
  'connection' => 'keep-alive',
  'host' => '127.0.0.1:9008',
)
[ info ] [ PARAM ] array (
  'card_info' => '800002',
)
[ info ] [ LANG ] /media/luckywujl/data/www/admin/localhost_9008/wwwroot/public/../application/admin/lang/zh-cn.php
[ info ] [ BEHAVIOR ] Run app\common\behavior\Common @module_init [ RunTime:0.000101s ]
[ info ] [ SESSION ] INIT array (
  'id' => '',
  'var_session_id' => '',
  'prefix' => 'think',
  'type' => '',
  'auto_start' => true,
)
[ info ] [ BEHAVIOR ] Run \addons\geetest\Geetest @config_init [ RunTime:0.000068s ]
[ info ] [ LANG ] /media/luckywujl/data/www/admin/localhost_9008/wwwroot/public/../application/admin/lang/zh-cn/custom/card.php
[ info ] [ DB ] INIT mysql
[ info ] [ BEHAVIOR ] Run \addons\geetest\Geetest @action_begin [ RunTime:0.000024s ]
[ info ] [ RUN ] app\admin\controller\custom\Card->getcardinfo[ /media/luckywujl/data/www/admin/localhost_9008/wwwroot/application/admin/controller/custom/Card.php ]
[ info ] [ BEHAVIOR ] Run app\admin\behavior\AdminLog @app_end [ RunTime:0.160714s ]
[ info ] [ LOG ] INIT File
---------------------------------------------------------------
[ 2021-07-15T23:26:59+08:00 ] 127.0.0.1 POST 127.0.0.1:9008/PByGmRKgDe.php/custom/custom/index
[运行时间：0.014931s] [吞吐率：66.97req/s] [内存消耗：620.51kb] [文件加载：140]
[ info ] [ BEHAVIOR ] Run Closure @app_init [ RunTime:0.000031s ]
[ info ] [ CACHE ] INIT File
[ info ] [ BEHAVIOR ] Run Closure @app_init [ RunTime:0.000330s ]
[ info ] [ LANG ] /media/luckywujl/data/www/admin/localhost_9008/wwwroot/thinkphp/lang/zh-cn.php
[ info ] [ BEHAVIOR ] Run app\common\behavior\Common @app_dispatch [ RunTime:0.000052s ]
[ info ] [ ROUTE ] array (
  'type' => 'module',
  'module' => 
  array (
    0 => 'admin',
    1 => 'custom.custom',
    2 => 'index',
  ),
)
[ info ] [ HEADER ] array (
  'cookie' => 'PHPSESSID=1l6bae4ev2qvu62np2anc63ak0; think_var=zh-cn',
  'accept-language' => 'zh-CN,zh;q=0.9',
  'accept-encoding' => 'gzip, deflate, br',
  'sec-fetch-dest' => 'empty',
  'sec-fetch-mode' => 'cors',
  'sec-fetch-site' => 'same-origin',
  'origin' => 'http://127.0.0.1:9008',
  'content-type' => 'application/x-www-form-urlencoded; charset=UTF-8',
  'user-agent' => 'Mozilla/5.0 (X11; Linux x86_64) AppleWebKit/537.36 (KHTML, like Gecko) Chrome/83.0.4103.115 Safari/537.36 Qaxbrowser',
  'x-requested-with' => 'XMLHttpRequest',
  'accept' => 'application/json, text/javascript, */*; q=0.01',
  'content-length' => '189',
  'connection' => 'keep-alive',
  'host' => '127.0.0.1:9008',
)
[ info ] [ PARAM ] array (
  'searchTable' => 'tbl',
  'searchKey' => 'custom_id',
  'searchValue' => '2',
  'orderBy' => 
  array (
    0 => 
    array (
      0 => 'custom_name',
      1 => 'ASC',
    ),
  ),
  'showField' => 'custom_name',
  'keyField' => 'custom_id',
  'keyValue' => '2',
  'searchField' => 
  array (
    0 => 'custom_name',
  ),
)
[ info ] [ LANG ] /media/luckywujl/data/www/admin/localhost_9008/wwwroot/public/../application/admin/lang/zh-cn.php
[ info ] [ BEHAVIOR ] Run app\common\behavior\Common @module_init [ RunTime:0.000093s ]
[ info ] [ SESSION ] INIT array (
  'id' => '',
  'var_session_id' => '',
  'prefix' => 'think',
  'type' => '',
  'auto_start' => true,
)
[ info ] [ BEHAVIOR ] Run \addons\geetest\Geetest @config_init [ RunTime:0.000126s ]
[ info ] [ LANG ] /media/luckywujl/data/www/admin/localhost_9008/wwwroot/public/../application/admin/lang/zh-cn/custom/custom.php
[ info ] [ DB ] INIT mysql
[ info ] [ BEHAVIOR ] Run \addons\geetest\Geetest @action_begin [ RunTime:0.000053s ]
[ info ] [ RUN ] app\common\controller\Backend->index[ /media/luckywujl/data/www/admin/localhost_9008/wwwroot/application/admin/library/traits/Backend.php ]
[ info ] [ BEHAVIOR ] Run app\admin\behavior\AdminLog @app_end [ RunTime:0.000112s ]
[ info ] [ LOG ] INIT File
---------------------------------------------------------------
[ 2021-07-15T23:29:13+08:00 ] 127.0.0.1 POST 127.0.0.1:9008/PByGmRKgDe.php/custom/card/getcardinfo
[运行时间：0.121345s] [吞吐率：8.24req/s] [内存消耗：736.48kb] [文件加载：142]
[ info ] [ BEHAVIOR ] Run Closure @app_init [ RunTime:0.000021s ]
[ info ] [ CACHE ] INIT File
[ info ] [ BEHAVIOR ] Run Closure @app_init [ RunTime:0.000459s ]
[ info ] [ LANG ] /media/luckywujl/data/www/admin/localhost_9008/wwwroot/thinkphp/lang/zh-cn.php
[ info ] [ BEHAVIOR ] Run app\common\behavior\Common @app_dispatch [ RunTime:0.000065s ]
[ info ] [ ROUTE ] array (
  'type' => 'module',
  'module' => 
  array (
    0 => 'admin',
    1 => 'custom.card',
    2 => 'getcardinfo',
  ),
)
[ info ] [ HEADER ] array (
  'cookie' => 'PHPSESSID=1l6bae4ev2qvu62np2anc63ak0; think_var=zh-cn',
  'accept-language' => 'zh-CN,zh;q=0.9',
  'accept-encoding' => 'gzip, deflate, br',
  'sec-fetch-dest' => 'empty',
  'sec-fetch-mode' => 'cors',
  'sec-fetch-site' => 'same-origin',
  'origin' => 'http://127.0.0.1:9008',
  'content-type' => 'application/x-www-form-urlencoded; charset=UTF-8',
  'user-agent' => 'Mozilla/5.0 (X11; Linux x86_64) AppleWebKit/537.36 (KHTML, like Gecko) Chrome/83.0.4103.115 Safari/537.36 Qaxbrowser',
  'x-requested-with' => 'XMLHttpRequest',
  'accept' => 'application/json, text/javascript, */*; q=0.01',
  'content-length' => '16',
  'connection' => 'keep-alive',
  'host' => '127.0.0.1:9008',
)
[ info ] [ PARAM ] array (
  'card_info' => '800001',
)
[ info ] [ LANG ] /media/luckywujl/data/www/admin/localhost_9008/wwwroot/public/../application/admin/lang/zh-cn.php
[ info ] [ BEHAVIOR ] Run app\common\behavior\Common @module_init [ RunTime:0.000129s ]
[ info ] [ SESSION ] INIT array (
  'id' => '',
  'var_session_id' => '',
  'prefix' => 'think',
  'type' => '',
  'auto_start' => true,
)
[ info ] [ BEHAVIOR ] Run \addons\geetest\Geetest @config_init [ RunTime:0.000111s ]
[ info ] [ LANG ] /media/luckywujl/data/www/admin/localhost_9008/wwwroot/public/../application/admin/lang/zh-cn/custom/card.php
[ info ] [ DB ] INIT mysql
[ info ] [ BEHAVIOR ] Run \addons\geetest\Geetest @action_begin [ RunTime:0.000041s ]
[ info ] [ RUN ] app\admin\controller\custom\Card->getcardinfo[ /media/luckywujl/data/www/admin/localhost_9008/wwwroot/application/admin/controller/custom/Card.php ]
[ info ] [ BEHAVIOR ] Run app\admin\behavior\AdminLog @app_end [ RunTime:0.107467s ]
[ info ] [ LOG ] INIT File
---------------------------------------------------------------
[ 2021-07-15T23:29:18+08:00 ] 127.0.0.1 POST 127.0.0.1:9008/PByGmRKgDe.php/custom/card/getcardinfo
[运行时间：0.134260s] [吞吐率：7.45req/s] [内存消耗：735.36kb] [文件加载：142]
[ info ] [ BEHAVIOR ] Run Closure @app_init [ RunTime:0.000021s ]
[ info ] [ CACHE ] INIT File
[ info ] [ BEHAVIOR ] Run Closure @app_init [ RunTime:0.000471s ]
[ info ] [ LANG ] /media/luckywujl/data/www/admin/localhost_9008/wwwroot/thinkphp/lang/zh-cn.php
[ info ] [ BEHAVIOR ] Run app\common\behavior\Common @app_dispatch [ RunTime:0.000060s ]
[ info ] [ ROUTE ] array (
  'type' => 'module',
  'module' => 
  array (
    0 => 'admin',
    1 => 'custom.card',
    2 => 'getcardinfo',
  ),
)
[ info ] [ HEADER ] array (
  'cookie' => 'PHPSESSID=1l6bae4ev2qvu62np2anc63ak0; think_var=zh-cn',
  'accept-language' => 'zh-CN,zh;q=0.9',
  'accept-encoding' => 'gzip, deflate, br',
  'sec-fetch-dest' => 'empty',
  'sec-fetch-mode' => 'cors',
  'sec-fetch-site' => 'same-origin',
  'origin' => 'http://127.0.0.1:9008',
  'content-type' => 'application/x-www-form-urlencoded; charset=UTF-8',
  'user-agent' => 'Mozilla/5.0 (X11; Linux x86_64) AppleWebKit/537.36 (KHTML, like Gecko) Chrome/83.0.4103.115 Safari/537.36 Qaxbrowser',
  'x-requested-with' => 'XMLHttpRequest',
  'accept' => 'application/json, text/javascript, */*; q=0.01',
  'content-length' => '16',
  'connection' => 'keep-alive',
  'host' => '127.0.0.1:9008',
)
[ info ] [ PARAM ] array (
  'card_info' => '800002',
)
[ info ] [ LANG ] /media/luckywujl/data/www/admin/localhost_9008/wwwroot/public/../application/admin/lang/zh-cn.php
[ info ] [ BEHAVIOR ] Run app\common\behavior\Common @module_init [ RunTime:0.000143s ]
[ info ] [ SESSION ] INIT array (
  'id' => '',
  'var_session_id' => '',
  'prefix' => 'think',
  'type' => '',
  'auto_start' => true,
)
[ info ] [ BEHAVIOR ] Run \addons\geetest\Geetest @config_init [ RunTime:0.000144s ]
[ info ] [ LANG ] /media/luckywujl/data/www/admin/localhost_9008/wwwroot/public/../application/admin/lang/zh-cn/custom/card.php
[ info ] [ DB ] INIT mysql
[ info ] [ BEHAVIOR ] Run \addons\geetest\Geetest @action_begin [ RunTime:0.000076s ]
[ info ] [ RUN ] app\admin\controller\custom\Card->getcardinfo[ /media/luckywujl/data/www/admin/localhost_9008/wwwroot/application/admin/controller/custom/Card.php ]
[ info ] [ BEHAVIOR ] Run app\admin\behavior\AdminLog @app_end [ RunTime:0.118601s ]
[ info ] [ LOG ] INIT File
---------------------------------------------------------------
[ 2021-07-15T23:29:18+08:00 ] 127.0.0.1 POST 127.0.0.1:9008/PByGmRKgDe.php/custom/custom/index
[运行时间：0.016173s] [吞吐率：61.83req/s] [内存消耗：620.51kb] [文件加载：140]
[ info ] [ BEHAVIOR ] Run Closure @app_init [ RunTime:0.000038s ]
[ info ] [ CACHE ] INIT File
[ info ] [ BEHAVIOR ] Run Closure @app_init [ RunTime:0.001318s ]
[ info ] [ LANG ] /media/luckywujl/data/www/admin/localhost_9008/wwwroot/thinkphp/lang/zh-cn.php
[ info ] [ BEHAVIOR ] Run app\common\behavior\Common @app_dispatch [ RunTime:0.000115s ]
[ info ] [ ROUTE ] array (
  'type' => 'module',
  'module' => 
  array (
    0 => 'admin',
    1 => 'custom.custom',
    2 => 'index',
  ),
)
[ info ] [ HEADER ] array (
  'cookie' => 'PHPSESSID=1l6bae4ev2qvu62np2anc63ak0; think_var=zh-cn',
  'accept-language' => 'zh-CN,zh;q=0.9',
  'accept-encoding' => 'gzip, deflate, br',
  'sec-fetch-dest' => 'empty',
  'sec-fetch-mode' => 'cors',
  'sec-fetch-site' => 'same-origin',
  'origin' => 'http://127.0.0.1:9008',
  'content-type' => 'application/x-www-form-urlencoded; charset=UTF-8',
  'user-agent' => 'Mozilla/5.0 (X11; Linux x86_64) AppleWebKit/537.36 (KHTML, like Gecko) Chrome/83.0.4103.115 Safari/537.36 Qaxbrowser',
  'x-requested-with' => 'XMLHttpRequest',
  'accept' => 'application/json, text/javascript, */*; q=0.01',
  'content-length' => '189',
  'connection' => 'keep-alive',
  'host' => '127.0.0.1:9008',
)
[ info ] [ PARAM ] array (
  'searchTable' => 'tbl',
  'searchKey' => 'custom_id',
  'searchValue' => '2',
  'orderBy' => 
  array (
    0 => 
    array (
      0 => 'custom_name',
      1 => 'ASC',
    ),
  ),
  'showField' => 'custom_name',
  'keyField' => 'custom_id',
  'keyValue' => '2',
  'searchField' => 
  array (
    0 => 'custom_name',
  ),
)
[ info ] [ LANG ] /media/luckywujl/data/www/admin/localhost_9008/wwwroot/public/../application/admin/lang/zh-cn.php
[ info ] [ BEHAVIOR ] Run app\common\behavior\Common @module_init [ RunTime:0.000129s ]
[ info ] [ SESSION ] INIT array (
  'id' => '',
  'var_session_id' => '',
  'prefix' => 'think',
  'type' => '',
  'auto_start' => true,
)
[ info ] [ BEHAVIOR ] Run \addons\geetest\Geetest @config_init [ RunTime:0.000069s ]
[ info ] [ LANG ] /media/luckywujl/data/www/admin/localhost_9008/wwwroot/public/../application/admin/lang/zh-cn/custom/custom.php
[ info ] [ DB ] INIT mysql
[ info ] [ BEHAVIOR ] Run \addons\geetest\Geetest @action_begin [ RunTime:0.000025s ]
[ info ] [ RUN ] app\common\controller\Backend->index[ /media/luckywujl/data/www/admin/localhost_9008/wwwroot/application/admin/library/traits/Backend.php ]
[ info ] [ BEHAVIOR ] Run app\admin\behavior\AdminLog @app_end [ RunTime:0.000099s ]
[ info ] [ LOG ] INIT File
---------------------------------------------------------------
[ 2021-07-15T23:29:27+08:00 ] 127.0.0.1 GET 127.0.0.1:9008/PByGmRKgDe.php/base/pay/pay?amount=100&dialog=1
[运行时间：0.004365s] [吞吐率：229.10req/s] [内存消耗：511.37kb] [文件加载：138]
[ info ] [ BEHAVIOR ] Run Closure @app_init [ RunTime:0.000016s ]
[ info ] [ CACHE ] INIT File
[ info ] [ BEHAVIOR ] Run Closure @app_init [ RunTime:0.000404s ]
[ info ] [ LANG ] /media/luckywujl/data/www/admin/localhost_9008/wwwroot/thinkphp/lang/zh-cn.php
[ info ] [ BEHAVIOR ] Run app\common\behavior\Common @app_dispatch [ RunTime:0.000042s ]
[ info ] [ ROUTE ] array (
  'type' => 'module',
  'module' => 
  array (
    0 => 'admin',
    1 => 'base.pay',
    2 => 'pay',
  ),
)
[ info ] [ HEADER ] array (
  'cookie' => 'PHPSESSID=1l6bae4ev2qvu62np2anc63ak0; think_var=zh-cn',
  'accept-language' => 'zh-CN,zh;q=0.9',
  'accept-encoding' => 'gzip, deflate, br',
  'sec-fetch-dest' => 'iframe',
  'sec-fetch-mode' => 'navigate',
  'sec-fetch-site' => 'same-origin',
  'accept' => 'text/html,application/xhtml+xml,application/xml;q=0.9,image/webp,image/apng,*/*;q=0.8,application/signed-exchange;v=b3;q=0.9',
  'user-agent' => 'Mozilla/5.0 (X11; Linux x86_64) AppleWebKit/537.36 (KHTML, like Gecko) Chrome/83.0.4103.115 Safari/537.36 Qaxbrowser',
  'upgrade-insecure-requests' => '1',
  'connection' => 'keep-alive',
  'host' => '127.0.0.1:9008',
  'content-length' => '',
  'content-type' => '',
)
[ info ] [ PARAM ] array (
  'amount' => '100',
  'dialog' => '1',
)
[ info ] [ LANG ] /media/luckywujl/data/www/admin/localhost_9008/wwwroot/public/../application/admin/lang/zh-cn.php
[ info ] [ BEHAVIOR ] Run app\common\behavior\Common @module_init [ RunTime:0.000093s ]
[ info ] [ SESSION ] INIT array (
  'id' => '',
  'var_session_id' => '',
  'prefix' => 'think',
  'type' => '',
  'auto_start' => true,
)
[ info ] [ BEHAVIOR ] Run \addons\geetest\Geetest @config_init [ RunTime:0.000123s ]
[ info ] [ LANG ] /media/luckywujl/data/www/admin/localhost_9008/wwwroot/public/../application/admin/lang/zh-cn/base/pay.php
[ info ] [ DB ] INIT mysql
[ info ] [ BEHAVIOR ] Run \addons\geetest\Geetest @action_begin [ RunTime:0.000028s ]
[ info ] [ RUN ] app\admin\controller\base\Pay->pay[ /media/luckywujl/data/www/admin/localhost_9008/wwwroot/application/admin/controller/base/Pay.php ]
[ info ] [ VIEW ] /media/luckywujl/data/www/admin/localhost_9008/wwwroot/public/../application/admin/view/base/pay/pay.html [ array (
  0 => 'breadcrumb',
  1 => 'site',
  2 => 'config',
  3 => 'auth',
  4 => 'admin',
  5 => 'amount',
) ]
[ info ] [ BEHAVIOR ] Run app\admin\behavior\AdminLog @app_end [ RunTime:0.000031s ]
[ info ] [ LOG ] INIT File
---------------------------------------------------------------
[ 2021-07-15T23:29:28+08:00 ] 127.0.0.1 GET 127.0.0.1:9008/PByGmRKgDe.php/ajax/lang?callback=define&controllername=base.pay&lang=zh-cn&v=1626362967&v=1626362967
[运行时间：0.006443s] [吞吐率：155.21req/s] [内存消耗：406.39kb] [文件加载：133]
[ info ] [ BEHAVIOR ] Run Closure @app_init [ RunTime:0.000029s ]
[ info ] [ CACHE ] INIT File
[ info ] [ BEHAVIOR ] Run Closure @app_init [ RunTime:0.000554s ]
[ info ] [ LANG ] /media/luckywujl/data/www/admin/localhost_9008/wwwroot/thinkphp/lang/zh-cn.php
[ info ] [ BEHAVIOR ] Run app\common\behavior\Common @app_dispatch [ RunTime:0.000069s ]
[ info ] [ ROUTE ] array (
  'type' => 'module',
  'module' => 
  array (
    0 => 'admin',
    1 => 'ajax',
    2 => 'lang',
  ),
)
[ info ] [ HEADER ] array (
  'cookie' => 'PHPSESSID=1l6bae4ev2qvu62np2anc63ak0; think_var=zh-cn',
  'accept-language' => 'zh-CN,zh;q=0.9',
  'accept-encoding' => 'gzip, deflate, br',
  'sec-fetch-dest' => 'script',
  'sec-fetch-mode' => 'no-cors',
  'sec-fetch-site' => 'same-origin',
  'accept' => '*/*',
  'user-agent' => 'Mozilla/5.0 (X11; Linux x86_64) AppleWebKit/537.36 (KHTML, like Gecko) Chrome/83.0.4103.115 Safari/537.36 Qaxbrowser',
  'connection' => 'keep-alive',
  'host' => '127.0.0.1:9008',
  'content-length' => '',
  'content-type' => '',
)
[ info ] [ PARAM ] array (
  'callback' => 'define',
  'controllername' => 'base.pay',
  'lang' => 'zh-cn',
  'v' => '1626362967',
)
[ info ] [ LANG ] /media/luckywujl/data/www/admin/localhost_9008/wwwroot/public/../application/admin/lang/zh-cn.php
[ info ] [ BEHAVIOR ] Run app\common\behavior\Common @module_init [ RunTime:0.000281s ]
[ info ] [ SESSION ] INIT array (
  'id' => '',
  'var_session_id' => '',
  'prefix' => 'think',
  'type' => '',
  'auto_start' => true,
)
[ info ] [ BEHAVIOR ] Run \addons\geetest\Geetest @config_init [ RunTime:0.000147s ]
[ info ] [ LANG ] /media/luckywujl/data/www/admin/localhost_9008/wwwroot/public/../application/admin/lang/zh-cn/ajax.php
[ info ] [ BEHAVIOR ] Run \addons\geetest\Geetest @action_begin [ RunTime:0.000042s ]
[ info ] [ RUN ] app\admin\controller\Ajax->lang[ /media/luckywujl/data/www/admin/localhost_9008/wwwroot/application/admin/controller/Ajax.php ]
[ info ] [ LANG ] /media/luckywujl/data/www/admin/localhost_9008/wwwroot/public/../application/admin/lang/zh-cn/base/pay.php
[ info ] [ BEHAVIOR ] Run app\admin\behavior\AdminLog @app_end [ RunTime:0.000033s ]
[ info ] [ LOG ] INIT File
---------------------------------------------------------------
[ 2021-07-15T23:29:28+08:00 ] 127.0.0.1 GET 127.0.0.1:9008/PByGmRKgDe.php/financial/recharge/index?addtabs=1&search=&sort=charge_id&order=desc&offset=0&limit=10&filter=%7B%7D&op=%7B%7D&_=1626362807577
[运行时间：0.026360s] [吞吐率：37.94req/s] [内存消耗：875.45kb] [文件加载：146]
[ info ] [ BEHAVIOR ] Run Closure @app_init [ RunTime:0.000018s ]
[ info ] [ CACHE ] INIT File
[ info ] [ BEHAVIOR ] Run Closure @app_init [ RunTime:0.000266s ]
[ info ] [ LANG ] /media/luckywujl/data/www/admin/localhost_9008/wwwroot/thinkphp/lang/zh-cn.php
[ info ] [ BEHAVIOR ] Run app\common\behavior\Common @app_dispatch [ RunTime:0.000048s ]
[ info ] [ ROUTE ] array (
  'type' => 'module',
  'module' => 
  array (
    0 => 'admin',
    1 => 'financial.recharge',
    2 => 'index',
  ),
)
[ info ] [ HEADER ] array (
  'cookie' => 'PHPSESSID=1l6bae4ev2qvu62np2anc63ak0; think_var=zh-cn',
  'accept-language' => 'zh-CN,zh;q=0.9',
  'accept-encoding' => 'gzip, deflate, br',
  'sec-fetch-dest' => 'empty',
  'sec-fetch-mode' => 'cors',
  'sec-fetch-site' => 'same-origin',
  'content-type' => 'application/json',
  'user-agent' => 'Mozilla/5.0 (X11; Linux x86_64) AppleWebKit/537.36 (KHTML, like Gecko) Chrome/83.0.4103.115 Safari/537.36 Qaxbrowser',
  'x-requested-with' => 'XMLHttpRequest',
  'accept' => 'application/json, text/javascript, */*; q=0.01',
  'connection' => 'keep-alive',
  'host' => '127.0.0.1:9008',
  'content-length' => '',
)
[ info ] [ PARAM ] array (
  'addtabs' => '1',
  'search' => '',
  'sort' => 'charge_id',
  'order' => 'desc',
  'offset' => '0',
  'limit' => '10',
  'filter' => '{}',
  'op' => '{}',
  '_' => '1626362807577',
)
[ info ] [ LANG ] /media/luckywujl/data/www/admin/localhost_9008/wwwroot/public/../application/admin/lang/zh-cn.php
[ info ] [ BEHAVIOR ] Run app\common\behavior\Common @module_init [ RunTime:0.000176s ]
[ info ] [ SESSION ] INIT array (
  'id' => '',
  'var_session_id' => '',
  'prefix' => 'think',
  'type' => '',
  'auto_start' => true,
)
[ info ] [ DB ] INIT mysql
[ info ] [ BEHAVIOR ] Run \addons\geetest\Geetest @config_init [ RunTime:0.000075s ]
[ info ] [ LANG ] /media/luckywujl/data/www/admin/localhost_9008/wwwroot/public/../application/admin/lang/zh-cn/financial/recharge.php
[ info ] [ BEHAVIOR ] Run \addons\geetest\Geetest @action_begin [ RunTime:0.000025s ]
[ info ] [ RUN ] app\admin\controller\financial\Recharge->index[ /media/luckywujl/data/www/admin/localhost_9008/wwwroot/application/admin/controller/financial/Recharge.php ]
[ info ] [ BEHAVIOR ] Run app\admin\behavior\AdminLog @app_end [ RunTime:0.000089s ]
[ info ] [ LOG ] INIT File
---------------------------------------------------------------
[ 2021-07-15T23:29:28+08:00 ] 127.0.0.1 POST 127.0.0.1:9008/PByGmRKgDe.php/base/pay/paymentmode
[运行时间：0.153947s] [吞吐率：6.50req/s] [内存消耗：717.48kb] [文件加载：140]
[ info ] [ BEHAVIOR ] Run Closure @app_init [ RunTime:0.000015s ]
[ info ] [ CACHE ] INIT File
[ info ] [ BEHAVIOR ] Run Closure @app_init [ RunTime:0.000268s ]
[ info ] [ LANG ] /media/luckywujl/data/www/admin/localhost_9008/wwwroot/thinkphp/lang/zh-cn.php
[ info ] [ BEHAVIOR ] Run app\common\behavior\Common @app_dispatch [ RunTime:0.000029s ]
[ info ] [ ROUTE ] array (
  'type' => 'module',
  'module' => 
  array (
    0 => 'admin',
    1 => 'base.pay',
    2 => 'paymentmode',
  ),
)
[ info ] [ HEADER ] array (
  'cookie' => 'PHPSESSID=1l6bae4ev2qvu62np2anc63ak0; think_var=zh-cn',
  'accept-language' => 'zh-CN,zh;q=0.9',
  'accept-encoding' => 'gzip, deflate, br',
  'sec-fetch-dest' => 'empty',
  'sec-fetch-mode' => 'cors',
  'sec-fetch-site' => 'same-origin',
  'origin' => 'http://127.0.0.1:9008',
  'content-type' => 'application/x-www-form-urlencoded; charset=UTF-8',
  'user-agent' => 'Mozilla/5.0 (X11; Linux x86_64) AppleWebKit/537.36 (KHTML, like Gecko) Chrome/83.0.4103.115 Safari/537.36 Qaxbrowser',
  'x-requested-with' => 'XMLHttpRequest',
  'accept' => 'application/json, text/javascript, */*; q=0.01',
  'content-length' => '227',
  'connection' => 'keep-alive',
  'host' => '127.0.0.1:9008',
)
[ info ] [ PARAM ] array (
  'searchTable' => 'tbl',
  'searchKey' => 'paymentmode',
  'searchValue' => '现金',
  'orderBy' => 
  array (
    0 => 
    array (
      0 => 'paymentmode',
      1 => 'ASC',
    ),
  ),
  'showField' => 'paymentmode',
  'keyField' => 'paymentmode',
  'keyValue' => '现金',
  'searchField' => 
  array (
    0 => 'paymentmode',
  ),
)
[ info ] [ LANG ] /media/luckywujl/data/www/admin/localhost_9008/wwwroot/public/../application/admin/lang/zh-cn.php
[ info ] [ BEHAVIOR ] Run app\common\behavior\Common @module_init [ RunTime:0.000081s ]
[ info ] [ SESSION ] INIT array (
  'id' => '',
  'var_session_id' => '',
  'prefix' => 'think',
  'type' => '',
  'auto_start' => true,
)
[ info ] [ BEHAVIOR ] Run \addons\geetest\Geetest @config_init [ RunTime:0.000063s ]
[ info ] [ LANG ] /media/luckywujl/data/www/admin/localhost_9008/wwwroot/public/../application/admin/lang/zh-cn/base/pay.php
[ info ] [ DB ] INIT mysql
[ info ] [ BEHAVIOR ] Run \addons\geetest\Geetest @action_begin [ RunTime:0.000036s ]
[ info ] [ RUN ] app\admin\controller\base\Pay->paymentmode[ /media/luckywujl/data/www/admin/localhost_9008/wwwroot/application/admin/controller/base/Pay.php ]
[ info ] [ BEHAVIOR ] Run app\admin\behavior\AdminLog @app_end [ RunTime:0.141326s ]
[ info ] [ LOG ] INIT File
