---------------------------------------------------------------
[ 2021-10-07T21:05:00+08:00 ] 127.0.0.1 GET 127.0.0.1:9008/PByGmRKgDe.php/index/login
[运行时间：0.457590s] [吞吐率：2.19req/s] [内存消耗：700.21kb] [文件加载：136]
[ info ] [ BEHAVIOR ] Run Closure @app_init [ RunTime:0.000078s ]
[ info ] [ CACHE ] INIT File
[ info ] [ BEHAVIOR ] Run Closure @app_init [ RunTime:0.048922s ]
[ info ] [ LANG ] /media/luckywujl/data/www/admin/localhost_9008/wwwroot/thinkphp/lang/zh-cn.php
[ info ] [ BEHAVIOR ] Run app\common\behavior\Common @app_dispatch [ RunTime:0.009634s ]
[ info ] [ ROUTE ] array (
  'type' => 'module',
  'module' => 
  array (
    0 => 'admin',
    1 => 'index',
    2 => 'login',
  ),
)
[ info ] [ HEADER ] array (
  'cookie' => 'PHPSESSID=3656a256ba57d84133b35d4e; KOD_SESSION_ID_b2d40=0osg5rpmpb2fa2tfil2rrc6u81; HOST=http%3A//127.0.0.1%3A9999/; APP_HOST=http%3A//127.0.0.1%3A9999/; kodUserLanguage=zh-CN; X-CSRF-TOKEN=7JpxTHM8yxUJXIaj4e9X; kodUserID=1; kod_updateIgnore_timeout=1633869965; KOD_SESSION_SSO=g7h1186vcn17urfbvbkevcp13t; kodVersionCheck=check-at-1633610862',
  'accept-language' => 'zh-CN,zh;q=0.9',
  'accept-encoding' => 'gzip, deflate, br',
  'sec-fetch-dest' => 'document',
  'sec-fetch-user' => '?1',
  'sec-fetch-mode' => 'navigate',
  'sec-fetch-site' => 'none',
  'accept' => 'text/html,application/xhtml+xml,application/xml;q=0.9,image/webp,image/apng,*/*;q=0.8,application/signed-exchange;v=b3;q=0.9',
  'user-agent' => 'Mozilla/5.0 (X11; Linux x86_64) AppleWebKit/537.36 (KHTML, like Gecko) Chrome/83.0.4103.115 Safari/537.36 Qaxbrowser',
  'upgrade-insecure-requests' => '1',
  'connection' => 'keep-alive',
  'host' => '127.0.0.1:9008',
  'content-length' => '',
  'content-type' => '',
)
[ info ] [ PARAM ] array (
)
[ info ] [ LANG ] /media/luckywujl/data/www/admin/localhost_9008/wwwroot/public/../application/admin/lang/zh-cn.php
[ info ] [ BEHAVIOR ] Run app\common\behavior\Common @module_init [ RunTime:0.005173s ]
[ info ] [ SESSION ] INIT array (
  'id' => '',
  'var_session_id' => '',
  'prefix' => 'think',
  'type' => '',
  'auto_start' => true,
)
[ info ] [ BEHAVIOR ] Run \addons\geetest\Geetest @config_init [ RunTime:0.007815s ]
[ info ] [ LANG ] /media/luckywujl/data/www/admin/localhost_9008/wwwroot/public/../application/admin/lang/zh-cn/index.php
[ info ] [ BEHAVIOR ] Run \addons\geetest\Geetest @action_begin [ RunTime:0.000064s ]
[ info ] [ RUN ] app\admin\controller\Index->login[ /media/luckywujl/data/www/admin/localhost_9008/wwwroot/application/admin/controller/Index.php ]
[ info ] [ VIEW ] /media/luckywujl/data/www/admin/localhost_9008/wwwroot/public/../application/admin/view/index/login.html [ array (
  0 => 'breadcrumb',
  1 => 'site',
  2 => 'config',
  3 => 'auth',
  4 => 'admin',
  5 => 'background',
  6 => 'title',
) ]
[ info ] [ BEHAVIOR ] Run app\admin\behavior\AdminLog @app_end [ RunTime:0.012630s ]
[ info ] [ VIEW ] /media/luckywujl/data/www/admin/localhost_9008/wwwroot/addons/loginvideo/view/background.html [ array (
  0 => 'config',
) ]
[ info ] [ BEHAVIOR ] Run \addons\loginvideo\Loginvideo @response_send [ RunTime:0.029277s ]
[ info ] [ LOG ] INIT File
---------------------------------------------------------------
[ 2021-10-07T21:05:01+08:00 ] 127.0.0.1 GET 127.0.0.1:9008/PByGmRKgDe.php/ajax/lang?callback=define&controllername=index&lang=zh-cn&v=1633611900&v=1633611900
[运行时间：0.031857s] [吞吐率：31.39req/s] [内存消耗：415.80kb] [文件加载：136]
[ info ] [ BEHAVIOR ] Run Closure @app_init [ RunTime:0.000093s ]
[ info ] [ CACHE ] INIT File
[ info ] [ BEHAVIOR ] Run Closure @app_init [ RunTime:0.000529s ]
[ info ] [ LANG ] /media/luckywujl/data/www/admin/localhost_9008/wwwroot/thinkphp/lang/zh-cn.php
[ info ] [ BEHAVIOR ] Run app\common\behavior\Common @app_dispatch [ RunTime:0.000057s ]
[ info ] [ ROUTE ] array (
  'type' => 'module',
  'module' => 
  array (
    0 => 'admin',
    1 => 'ajax',
    2 => 'lang',
  ),
)
[ info ] [ HEADER ] array (
  'cookie' => 'PHPSESSID=3656a256ba57d84133b35d4e; KOD_SESSION_ID_b2d40=0osg5rpmpb2fa2tfil2rrc6u81; HOST=http%3A//127.0.0.1%3A9999/; APP_HOST=http%3A//127.0.0.1%3A9999/; kodUserLanguage=zh-CN; X-CSRF-TOKEN=7JpxTHM8yxUJXIaj4e9X; kodUserID=1; kod_updateIgnore_timeout=1633869965; KOD_SESSION_SSO=g7h1186vcn17urfbvbkevcp13t; kodVersionCheck=check-at-1633610862',
  'accept-language' => 'zh-CN,zh;q=0.9',
  'accept-encoding' => 'gzip, deflate, br',
  'sec-fetch-dest' => 'script',
  'sec-fetch-mode' => 'no-cors',
  'sec-fetch-site' => 'same-origin',
  'accept' => '*/*',
  'user-agent' => 'Mozilla/5.0 (X11; Linux x86_64) AppleWebKit/537.36 (KHTML, like Gecko) Chrome/83.0.4103.115 Safari/537.36 Qaxbrowser',
  'connection' => 'keep-alive',
  'host' => '127.0.0.1:9008',
  'content-length' => '',
  'content-type' => '',
)
[ info ] [ PARAM ] array (
  'callback' => 'define',
  'controllername' => 'index',
  'lang' => 'zh-cn',
  'v' => '1633611900',
)
[ info ] [ LANG ] /media/luckywujl/data/www/admin/localhost_9008/wwwroot/public/../application/admin/lang/zh-cn.php
[ info ] [ BEHAVIOR ] Run app\common\behavior\Common @module_init [ RunTime:0.000704s ]
[ info ] [ SESSION ] INIT array (
  'id' => '',
  'var_session_id' => '',
  'prefix' => 'think',
  'type' => '',
  'auto_start' => true,
)
[ info ] [ BEHAVIOR ] Run \addons\geetest\Geetest @config_init [ RunTime:0.000085s ]
[ info ] [ LANG ] /media/luckywujl/data/www/admin/localhost_9008/wwwroot/public/../application/admin/lang/zh-cn/ajax.php
[ info ] [ BEHAVIOR ] Run \addons\geetest\Geetest @action_begin [ RunTime:0.000091s ]
[ info ] [ RUN ] app\admin\controller\Ajax->lang[ /media/luckywujl/data/www/admin/localhost_9008/wwwroot/application/admin/controller/Ajax.php ]
[ info ] [ LANG ] /media/luckywujl/data/www/admin/localhost_9008/wwwroot/public/../application/admin/lang/zh-cn/index.php
[ info ] [ BEHAVIOR ] Run app\admin\behavior\AdminLog @app_end [ RunTime:0.000056s ]
[ info ] [ BEHAVIOR ] Run \addons\loginvideo\Loginvideo @response_send [ RunTime:0.000068s ]
[ info ] [ LOG ] INIT File
---------------------------------------------------------------
[ 2021-10-07T21:05:03+08:00 ] 127.0.0.1 POST 127.0.0.1:9008/PByGmRKgDe.php/index/login
[运行时间：0.370739s] [吞吐率：2.70req/s] [内存消耗：665.48kb] [文件加载：144]
[ info ] [ BEHAVIOR ] Run Closure @app_init [ RunTime:0.000086s ]
[ info ] [ CACHE ] INIT File
[ info ] [ BEHAVIOR ] Run Closure @app_init [ RunTime:0.000528s ]
[ info ] [ LANG ] /media/luckywujl/data/www/admin/localhost_9008/wwwroot/thinkphp/lang/zh-cn.php
[ info ] [ BEHAVIOR ] Run app\common\behavior\Common @app_dispatch [ RunTime:0.000056s ]
[ info ] [ ROUTE ] array (
  'type' => 'module',
  'module' => 
  array (
    0 => 'admin',
    1 => 'index',
    2 => 'login',
  ),
)
[ info ] [ HEADER ] array (
  'cookie' => 'PHPSESSID=3656a256ba57d84133b35d4e; KOD_SESSION_ID_b2d40=0osg5rpmpb2fa2tfil2rrc6u81; HOST=http%3A//127.0.0.1%3A9999/; APP_HOST=http%3A//127.0.0.1%3A9999/; kodUserLanguage=zh-CN; X-CSRF-TOKEN=7JpxTHM8yxUJXIaj4e9X; kodUserID=1; kod_updateIgnore_timeout=1633869965; KOD_SESSION_SSO=g7h1186vcn17urfbvbkevcp13t; kodVersionCheck=check-at-1633610862; think_var=zh-cn',
  'accept-language' => 'zh-CN,zh;q=0.9',
  'accept-encoding' => 'gzip, deflate, br',
  'sec-fetch-dest' => 'empty',
  'sec-fetch-mode' => 'cors',
  'sec-fetch-site' => 'same-origin',
  'origin' => 'http://127.0.0.1:9008',
  'content-type' => 'application/x-www-form-urlencoded; charset=UTF-8',
  'user-agent' => 'Mozilla/5.0 (X11; Linux x86_64) AppleWebKit/537.36 (KHTML, like Gecko) Chrome/83.0.4103.115 Safari/537.36 Qaxbrowser',
  'x-requested-with' => 'XMLHttpRequest',
  'accept' => 'application/json, text/javascript, */*; q=0.01',
  'content-length' => '72',
  'connection' => 'keep-alive',
  'host' => '127.0.0.1:9008',
)
[ info ] [ PARAM ] array (
  '__token__' => '4ac0f898f7b0579965235474982be350',
  'username' => '1001',
  'password' => '123456',
)
[ info ] [ LANG ] /media/luckywujl/data/www/admin/localhost_9008/wwwroot/public/../application/admin/lang/zh-cn.php
[ info ] [ BEHAVIOR ] Run app\common\behavior\Common @module_init [ RunTime:0.000267s ]
[ info ] [ SESSION ] INIT array (
  'id' => '',
  'var_session_id' => '',
  'prefix' => 'think',
  'type' => '',
  'auto_start' => true,
)
[ info ] [ BEHAVIOR ] Run \addons\geetest\Geetest @config_init [ RunTime:0.000130s ]
[ info ] [ LANG ] /media/luckywujl/data/www/admin/localhost_9008/wwwroot/public/../application/admin/lang/zh-cn/index.php
[ info ] [ BEHAVIOR ] Run \addons\geetest\Geetest @action_begin [ RunTime:0.000033s ]
[ info ] [ RUN ] app\admin\controller\Index->login[ /media/luckywujl/data/www/admin/localhost_9008/wwwroot/application/admin/controller/Index.php ]
[ info ] [ DB ] INIT mysql
[ info ] [ BEHAVIOR ] Run app\admin\behavior\AdminLog @app_end [ RunTime:0.107794s ]
[ info ] [ BEHAVIOR ] Run \addons\loginvideo\Loginvideo @response_send [ RunTime:0.000197s ]
[ info ] [ LOG ] INIT File
---------------------------------------------------------------
[ 2021-10-07T21:05:03+08:00 ] 127.0.0.1 GET 127.0.0.1:9008/PByGmRKgDe.php/index/index
[运行时间：0.285030s] [吞吐率：3.51req/s] [内存消耗：901.88kb] [文件加载：154]
[ info ] [ BEHAVIOR ] Run Closure @app_init [ RunTime:0.000069s ]
[ info ] [ CACHE ] INIT File
[ info ] [ BEHAVIOR ] Run Closure @app_init [ RunTime:0.000495s ]
[ info ] [ LANG ] /media/luckywujl/data/www/admin/localhost_9008/wwwroot/thinkphp/lang/zh-cn.php
[ info ] [ BEHAVIOR ] Run app\common\behavior\Common @app_dispatch [ RunTime:0.000073s ]
[ info ] [ ROUTE ] array (
  'type' => 'module',
  'module' => 
  array (
    0 => 'admin',
    1 => 'index',
    2 => 'index',
  ),
)
[ info ] [ HEADER ] array (
  'cookie' => 'PHPSESSID=3656a256ba57d84133b35d4e; KOD_SESSION_ID_b2d40=0osg5rpmpb2fa2tfil2rrc6u81; HOST=http%3A//127.0.0.1%3A9999/; APP_HOST=http%3A//127.0.0.1%3A9999/; kodUserLanguage=zh-CN; X-CSRF-TOKEN=7JpxTHM8yxUJXIaj4e9X; kodUserID=1; kod_updateIgnore_timeout=1633869965; KOD_SESSION_SSO=g7h1186vcn17urfbvbkevcp13t; kodVersionCheck=check-at-1633610862; think_var=zh-cn',
  'accept-language' => 'zh-CN,zh;q=0.9',
  'accept-encoding' => 'gzip, deflate, br',
  'sec-fetch-dest' => 'document',
  'sec-fetch-user' => '?1',
  'sec-fetch-mode' => 'navigate',
  'sec-fetch-site' => 'same-origin',
  'accept' => 'text/html,application/xhtml+xml,application/xml;q=0.9,image/webp,image/apng,*/*;q=0.8,application/signed-exchange;v=b3;q=0.9',
  'user-agent' => 'Mozilla/5.0 (X11; Linux x86_64) AppleWebKit/537.36 (KHTML, like Gecko) Chrome/83.0.4103.115 Safari/537.36 Qaxbrowser',
  'upgrade-insecure-requests' => '1',
  'connection' => 'keep-alive',
  'host' => '127.0.0.1:9008',
  'content-length' => '',
  'content-type' => '',
)
[ info ] [ PARAM ] array (
)
[ info ] [ LANG ] /media/luckywujl/data/www/admin/localhost_9008/wwwroot/public/../application/admin/lang/zh-cn.php
[ info ] [ BEHAVIOR ] Run app\common\behavior\Common @module_init [ RunTime:0.000260s ]
[ info ] [ SESSION ] INIT array (
  'id' => '',
  'var_session_id' => '',
  'prefix' => 'think',
  'type' => '',
  'auto_start' => true,
)
[ info ] [ BEHAVIOR ] Run \addons\geetest\Geetest @config_init [ RunTime:0.000129s ]
[ info ] [ LANG ] /media/luckywujl/data/www/admin/localhost_9008/wwwroot/public/../application/admin/lang/zh-cn/index.php
[ info ] [ BEHAVIOR ] Run \addons\geetest\Geetest @action_begin [ RunTime:0.000025s ]
[ info ] [ RUN ] app\admin\controller\Index->index[ /media/luckywujl/data/www/admin/localhost_9008/wwwroot/application/admin/controller/Index.php ]
[ info ] [ DB ] INIT mysql
[ info ] [ VIEW ] /media/luckywujl/data/www/admin/localhost_9008/wwwroot/public/../application/admin/view/index/index.html [ array (
  0 => 'breadcrumb',
  1 => 'site',
  2 => 'config',
  3 => 'auth',
  4 => 'admin',
  5 => 'menulist',
  6 => 'navlist',
  7 => 'fixedmenu',
  8 => 'referermenu',
  9 => 'title',
) ]
[ info ] [ BEHAVIOR ] Run app\admin\behavior\AdminLog @app_end [ RunTime:0.000058s ]
[ info ] [ BEHAVIOR ] Run \addons\loginvideo\Loginvideo @response_send [ RunTime:0.000118s ]
[ info ] [ LOG ] INIT File
---------------------------------------------------------------
[ 2021-10-07T21:05:03+08:00 ] 127.0.0.1 GET 127.0.0.1:9008/PByGmRKgDe.php/dashboard?addtabs=1
[运行时间：0.146048s] [吞吐率：6.85req/s] [内存消耗：788.43kb] [文件加载：146]
[ info ] [ BEHAVIOR ] Run Closure @app_init [ RunTime:0.000062s ]
[ info ] [ CACHE ] INIT File
[ info ] [ BEHAVIOR ] Run Closure @app_init [ RunTime:0.000323s ]
[ info ] [ LANG ] /media/luckywujl/data/www/admin/localhost_9008/wwwroot/thinkphp/lang/zh-cn.php
[ info ] [ BEHAVIOR ] Run app\common\behavior\Common @app_dispatch [ RunTime:0.000027s ]
[ info ] [ ROUTE ] array (
  'type' => 'module',
  'module' => 
  array (
    0 => 'admin',
    1 => 'dashboard',
    2 => NULL,
  ),
)
[ info ] [ HEADER ] array (
  'cookie' => 'PHPSESSID=3656a256ba57d84133b35d4e; KOD_SESSION_ID_b2d40=0osg5rpmpb2fa2tfil2rrc6u81; HOST=http%3A//127.0.0.1%3A9999/; APP_HOST=http%3A//127.0.0.1%3A9999/; kodUserLanguage=zh-CN; X-CSRF-TOKEN=7JpxTHM8yxUJXIaj4e9X; kodUserID=1; kod_updateIgnore_timeout=1633869965; KOD_SESSION_SSO=g7h1186vcn17urfbvbkevcp13t; kodVersionCheck=check-at-1633610862; think_var=zh-cn',
  'accept-language' => 'zh-CN,zh;q=0.9',
  'accept-encoding' => 'gzip, deflate, br',
  'sec-fetch-dest' => 'iframe',
  'sec-fetch-mode' => 'navigate',
  'sec-fetch-site' => 'same-origin',
  'accept' => 'text/html,application/xhtml+xml,application/xml;q=0.9,image/webp,image/apng,*/*;q=0.8,application/signed-exchange;v=b3;q=0.9',
  'user-agent' => 'Mozilla/5.0 (X11; Linux x86_64) AppleWebKit/537.36 (KHTML, like Gecko) Chrome/83.0.4103.115 Safari/537.36 Qaxbrowser',
  'upgrade-insecure-requests' => '1',
  'connection' => 'keep-alive',
  'host' => '127.0.0.1:9008',
  'content-length' => '',
  'content-type' => '',
)
[ info ] [ PARAM ] array (
  'addtabs' => '1',
)
[ info ] [ LANG ] /media/luckywujl/data/www/admin/localhost_9008/wwwroot/public/../application/admin/lang/zh-cn.php
[ info ] [ BEHAVIOR ] Run app\common\behavior\Common @module_init [ RunTime:0.000144s ]
[ info ] [ SESSION ] INIT array (
  'id' => '',
  'var_session_id' => '',
  'prefix' => 'think',
  'type' => '',
  'auto_start' => true,
)
[ info ] [ DB ] INIT mysql
[ info ] [ BEHAVIOR ] Run \addons\geetest\Geetest @config_init [ RunTime:0.000089s ]
[ info ] [ LANG ] /media/luckywujl/data/www/admin/localhost_9008/wwwroot/public/../application/admin/lang/zh-cn/dashboard.php
[ info ] [ BEHAVIOR ] Run \addons\geetest\Geetest @action_begin [ RunTime:0.000078s ]
[ info ] [ RUN ] app\admin\controller\Dashboard->index[ /media/luckywujl/data/www/admin/localhost_9008/wwwroot/application/admin/controller/Dashboard.php ]
[ info ] [ VIEW ] /media/luckywujl/data/www/admin/localhost_9008/wwwroot/public/../application/admin/view/dashboard/index.html [ array (
  0 => 'breadcrumb',
  1 => 'site',
  2 => 'config',
  3 => 'auth',
  4 => 'admin',
  5 => 'totaluser',
  6 => 'totalviews',
  7 => 'totalorder',
  8 => 'totalorderamount',
  9 => 'todayuserlogin',
  10 => 'todayusersignup',
  11 => 'todayorder',
  12 => 'unsettleorder',
  13 => 'sevendnu',
  14 => 'sevendau',
  15 => 'paylist',
  16 => 'createlist',
  17 => 'addonversion',
  18 => 'uploadmode',
) ]
[ info ] [ BEHAVIOR ] Run app\admin\behavior\AdminLog @app_end [ RunTime:0.000062s ]
[ info ] [ BEHAVIOR ] Run \addons\loginvideo\Loginvideo @response_send [ RunTime:0.000137s ]
[ info ] [ LOG ] INIT File
---------------------------------------------------------------
[ 2021-10-07T21:05:04+08:00 ] 127.0.0.1 GET 127.0.0.1:9008/PByGmRKgDe.php/ajax/lang?callback=define&controllername=index&lang=zh-cn&v=1633611903&v=1633611903
[运行时间：0.005237s] [吞吐率：190.95req/s] [内存消耗：415.98kb] [文件加载：136]
[ info ] [ BEHAVIOR ] Run Closure @app_init [ RunTime:0.000058s ]
[ info ] [ CACHE ] INIT File
[ info ] [ BEHAVIOR ] Run Closure @app_init [ RunTime:0.000450s ]
[ info ] [ LANG ] /media/luckywujl/data/www/admin/localhost_9008/wwwroot/thinkphp/lang/zh-cn.php
[ info ] [ BEHAVIOR ] Run app\common\behavior\Common @app_dispatch [ RunTime:0.000047s ]
[ info ] [ ROUTE ] array (
  'type' => 'module',
  'module' => 
  array (
    0 => 'admin',
    1 => 'ajax',
    2 => 'lang',
  ),
)
[ info ] [ HEADER ] array (
  'cookie' => 'PHPSESSID=3656a256ba57d84133b35d4e; KOD_SESSION_ID_b2d40=0osg5rpmpb2fa2tfil2rrc6u81; HOST=http%3A//127.0.0.1%3A9999/; APP_HOST=http%3A//127.0.0.1%3A9999/; kodUserLanguage=zh-CN; X-CSRF-TOKEN=7JpxTHM8yxUJXIaj4e9X; kodUserID=1; kod_updateIgnore_timeout=1633869965; KOD_SESSION_SSO=g7h1186vcn17urfbvbkevcp13t; kodVersionCheck=check-at-1633610862; think_var=zh-cn',
  'accept-language' => 'zh-CN,zh;q=0.9',
  'accept-encoding' => 'gzip, deflate, br',
  'sec-fetch-dest' => 'script',
  'sec-fetch-mode' => 'no-cors',
  'sec-fetch-site' => 'same-origin',
  'accept' => '*/*',
  'user-agent' => 'Mozilla/5.0 (X11; Linux x86_64) AppleWebKit/537.36 (KHTML, like Gecko) Chrome/83.0.4103.115 Safari/537.36 Qaxbrowser',
  'connection' => 'keep-alive',
  'host' => '127.0.0.1:9008',
  'content-length' => '',
  'content-type' => '',
)
[ info ] [ PARAM ] array (
  'callback' => 'define',
  'controllername' => 'index',
  'lang' => 'zh-cn',
  'v' => '1633611903',
)
[ info ] [ LANG ] /media/luckywujl/data/www/admin/localhost_9008/wwwroot/public/../application/admin/lang/zh-cn.php
[ info ] [ BEHAVIOR ] Run app\common\behavior\Common @module_init [ RunTime:0.000351s ]
[ info ] [ SESSION ] INIT array (
  'id' => '',
  'var_session_id' => '',
  'prefix' => 'think',
  'type' => '',
  'auto_start' => true,
)
[ info ] [ BEHAVIOR ] Run \addons\geetest\Geetest @config_init [ RunTime:0.000111s ]
[ info ] [ LANG ] /media/luckywujl/data/www/admin/localhost_9008/wwwroot/public/../application/admin/lang/zh-cn/ajax.php
[ info ] [ BEHAVIOR ] Run \addons\geetest\Geetest @action_begin [ RunTime:0.000039s ]
[ info ] [ RUN ] app\admin\controller\Ajax->lang[ /media/luckywujl/data/www/admin/localhost_9008/wwwroot/application/admin/controller/Ajax.php ]
[ info ] [ LANG ] /media/luckywujl/data/www/admin/localhost_9008/wwwroot/public/../application/admin/lang/zh-cn/index.php
[ info ] [ BEHAVIOR ] Run app\admin\behavior\AdminLog @app_end [ RunTime:0.000045s ]
[ info ] [ BEHAVIOR ] Run \addons\loginvideo\Loginvideo @response_send [ RunTime:0.000076s ]
[ info ] [ LOG ] INIT File
---------------------------------------------------------------
[ 2021-10-07T21:05:04+08:00 ] 127.0.0.1 GET 127.0.0.1:9008/PByGmRKgDe.php/ajax/lang?callback=define&controllername=dashboard&lang=zh-cn&v=1633611903&v=1633611903
[运行时间：0.009168s] [吞吐率：109.08req/s] [内存消耗：415.08kb] [文件加载：136]
[ info ] [ BEHAVIOR ] Run Closure @app_init [ RunTime:0.000088s ]
[ info ] [ CACHE ] INIT File
[ info ] [ BEHAVIOR ] Run Closure @app_init [ RunTime:0.000509s ]
[ info ] [ LANG ] /media/luckywujl/data/www/admin/localhost_9008/wwwroot/thinkphp/lang/zh-cn.php
[ info ] [ BEHAVIOR ] Run app\common\behavior\Common @app_dispatch [ RunTime:0.000045s ]
[ info ] [ ROUTE ] array (
  'type' => 'module',
  'module' => 
  array (
    0 => 'admin',
    1 => 'ajax',
    2 => 'lang',
  ),
)
[ info ] [ HEADER ] array (
  'cookie' => 'PHPSESSID=3656a256ba57d84133b35d4e; KOD_SESSION_ID_b2d40=0osg5rpmpb2fa2tfil2rrc6u81; HOST=http%3A//127.0.0.1%3A9999/; APP_HOST=http%3A//127.0.0.1%3A9999/; kodUserLanguage=zh-CN; X-CSRF-TOKEN=7JpxTHM8yxUJXIaj4e9X; kodUserID=1; kod_updateIgnore_timeout=1633869965; KOD_SESSION_SSO=g7h1186vcn17urfbvbkevcp13t; kodVersionCheck=check-at-1633610862; think_var=zh-cn',
  'accept-language' => 'zh-CN,zh;q=0.9',
  'accept-encoding' => 'gzip, deflate, br',
  'sec-fetch-dest' => 'script',
  'sec-fetch-mode' => 'no-cors',
  'sec-fetch-site' => 'same-origin',
  'accept' => '*/*',
  'user-agent' => 'Mozilla/5.0 (X11; Linux x86_64) AppleWebKit/537.36 (KHTML, like Gecko) Chrome/83.0.4103.115 Safari/537.36 Qaxbrowser',
  'connection' => 'keep-alive',
  'host' => '127.0.0.1:9008',
  'content-length' => '',
  'content-type' => '',
)
[ info ] [ PARAM ] array (
  'callback' => 'define',
  'controllername' => 'dashboard',
  'lang' => 'zh-cn',
  'v' => '1633611903',
)
[ info ] [ LANG ] /media/luckywujl/data/www/admin/localhost_9008/wwwroot/public/../application/admin/lang/zh-cn.php
[ info ] [ BEHAVIOR ] Run app\common\behavior\Common @module_init [ RunTime:0.000335s ]
[ info ] [ SESSION ] INIT array (
  'id' => '',
  'var_session_id' => '',
  'prefix' => 'think',
  'type' => '',
  'auto_start' => true,
)
[ info ] [ BEHAVIOR ] Run \addons\geetest\Geetest @config_init [ RunTime:0.000258s ]
[ info ] [ LANG ] /media/luckywujl/data/www/admin/localhost_9008/wwwroot/public/../application/admin/lang/zh-cn/ajax.php
[ info ] [ BEHAVIOR ] Run \addons\geetest\Geetest @action_begin [ RunTime:0.000053s ]
[ info ] [ RUN ] app\admin\controller\Ajax->lang[ /media/luckywujl/data/www/admin/localhost_9008/wwwroot/application/admin/controller/Ajax.php ]
[ info ] [ LANG ] /media/luckywujl/data/www/admin/localhost_9008/wwwroot/public/../application/admin/lang/zh-cn/dashboard.php
[ info ] [ BEHAVIOR ] Run app\admin\behavior\AdminLog @app_end [ RunTime:0.000056s ]
[ info ] [ BEHAVIOR ] Run \addons\loginvideo\Loginvideo @response_send [ RunTime:0.000094s ]
[ info ] [ LOG ] INIT File
